2020-03-20 20:23:11,062 INFO o.s.c.c.c.ConfigServicePropertySourceLocator [main] Fetching config from server at : http://localhost:8888
2020-03-20 20:23:13,310 INFO o.s.c.c.c.ConfigServicePropertySourceLocator [main] Connect Timeout Exception on Url - http://localhost:8888. Will be trying the next url if available
2020-03-20 20:23:13,311 WARN o.s.c.c.c.ConfigServicePropertySourceLocator [main] Could not locate PropertySource: I/O error on GET request for "http://localhost:8888/application/default": Connection refused: connect; nested exception is java.net.ConnectException: Connection refused: connect
2020-03-20 20:23:13,317 INFO o.s.b.SpringApplication [main] The following profiles are active: default
2020-03-20 20:23:14,897 INFO o.s.d.r.c.RepositoryConfigurationDelegate [main] Bootstrapping Spring Data JPA repositories in DEFAULT mode.
2020-03-20 20:23:14,957 INFO o.s.d.r.c.RepositoryConfigurationDelegate [main] Finished Spring Data repository scanning in 39ms. Found 0 JPA repository interfaces.
2020-03-20 20:23:15,365 INFO o.s.c.c.s.GenericScope [main] BeanFactory id=9cdcccfd-7cf8-3541-b09c-1199eedbc650
2020-03-20 20:23:15,701 INFO o.s.c.s.PostProcessorRegistrationDelegate$BeanPostProcessorChecker [main] Bean 'org.springframework.transaction.annotation.ProxyTransactionManagementConfiguration' of type [org.springframework.transaction.annotation.ProxyTransactionManagementConfiguration] is not eligible for getting processed by all BeanPostProcessors (for example: not eligible for auto-proxying)
2020-03-20 20:23:16,186 INFO o.s.b.w.e.t.TomcatWebServer [main] Tomcat initialized with port(s): 8080 (http)
2020-03-20 20:23:16,203 INFO o.a.j.l.DirectJDKLog [main] Initializing ProtocolHandler ["http-nio-8080"]
2020-03-20 20:23:16,206 INFO o.a.j.l.DirectJDKLog [main] Starting service [Tomcat]
2020-03-20 20:23:16,207 INFO o.a.j.l.DirectJDKLog [main] Starting Servlet engine: [Apache Tomcat/9.0.30]
2020-03-20 20:23:16,475 INFO o.a.j.l.DirectJDKLog [main] Initializing Spring embedded WebApplicationContext
2020-03-20 20:23:16,476 INFO o.s.b.w.s.c.ServletWebServerApplicationContext [main] Root WebApplicationContext: initialization completed in 3131 ms
2020-03-20 20:23:16,642 WARN o.s.b.a.e.EndpointId [main] Endpoint ID 'controller-endpoint' contains invalid characters, please migrate to a valid format.
2020-03-20 20:23:16,650 WARN o.s.b.a.e.EndpointId [main] Endpoint ID 'hello-endpoint' contains invalid characters, please migrate to a valid format.
2020-03-20 20:23:16,655 WARN o.s.b.a.e.EndpointId [main] Endpoint ID 'rest-controller-endpoint' contains invalid characters, please migrate to a valid format.
2020-03-20 20:23:17,003 INFO c.z.h.HikariDataSource [main] HikariPool-1 - Starting...
2020-03-20 20:23:17,956 INFO c.z.h.HikariDataSource [main] HikariPool-1 - Start completed.
2020-03-20 20:23:18,607 INFO o.h.j.i.u.LogHelper [main] HHH000204: Processing PersistenceUnitInfo [name: default]
2020-03-20 20:23:18,843 INFO o.h.Version [main] HHH000412: Hibernate Core {5.4.10.Final}
2020-03-20 20:23:19,360 INFO o.h.a.c.r.j.JavaReflectionManager [main] HCANN000001: Hibernate Commons Annotations {5.1.0.Final}
2020-03-20 20:23:19,716 INFO o.h.d.Dialect [main] HHH000400: Using dialect: org.hibernate.dialect.MySQL8Dialect
2020-03-20 20:23:20,629 INFO o.h.e.t.j.p.i.JtaPlatformInitiator [main] HHH000490: Using JtaPlatform implementation: [org.hibernate.engine.transaction.jta.platform.internal.NoJtaPlatform]
2020-03-20 20:23:20,645 INFO o.s.o.j.AbstractEntityManagerFactoryBean [main] Initialized JPA EntityManagerFactory for persistence unit 'default'
2020-03-20 20:23:20,767 WARN o.s.b.a.o.j.JpaBaseConfiguration$JpaWebConfiguration [main] spring.jpa.open-in-view is enabled by default. Therefore, database queries may be performed during view rendering. Explicitly configure spring.jpa.open-in-view to disable this warning
2020-03-20 20:23:20,929 INFO o.s.s.c.ExecutorConfigurationSupport [main] Initializing ExecutorService 'applicationTaskExecutor'
2020-03-20 20:23:22,103 INFO o.s.b.a.e.w.EndpointLinksResolver [main] Exposing 18 endpoint(s) beneath base path '/actuator'
2020-03-20 20:23:22,166 INFO o.a.j.l.DirectJDKLog [main] Starting ProtocolHandler ["http-nio-8080"]
2020-03-20 20:23:22,198 INFO o.s.b.w.e.t.TomcatWebServer [main] Tomcat started on port(s): 8080 (http) with context path ''
2020-03-20 20:23:22,642 INFO o.s.b.StartupInfoLogger [main] Started Mission8Application in 13.429 seconds (JVM running for 15.627)
2020-03-20 20:23:46,468 INFO o.a.j.l.DirectJDKLog [http-nio-8080-exec-2] Initializing Spring DispatcherServlet 'dispatcherServlet'
2020-03-20 20:23:46,470 INFO o.s.w.s.FrameworkServlet [http-nio-8080-exec-2] Initializing Servlet 'dispatcherServlet'
2020-03-20 20:23:46,490 INFO o.s.w.s.FrameworkServlet [http-nio-8080-exec-2] Completed initialization in 20 ms
